<?xml version="1.0" encoding="UTF-8"?>
<!-- Generated by org.testng.reporters.JUnitXMLReporter -->
<testsuite hostname="Nishu" ignored="0" name="makemymaven" tests="6" failures="0" timestamp="09 Jun 2020 18:53:31 GMT" time="75.898" errors="0">
  <testcase name="loginpage_cab" time="12.851" classname="testScenarios.Home"/>
  <testcase name="cab_selection" time="0.371" classname="testScenarios.Home"/>
  <testcase name="navigation" time="2.398" classname="testScenarios.Home"/>
  <testcase name="Giftcards" time="27.178" classname="testScenarios.Home"/>
  <testcase name="backtohotel" time="2.039" classname="testScenarios.Home"/>
  <testcase name="Hotel" time="1.544" classname="testScenarios.Home"/>
</testsuite> <!-- makemymaven -->
