<?xml version="1.0" encoding="UTF-8"?>
<!-- Generated by org.testng.reporters.JUnitXMLReporter -->
<testsuite hostname="Nishu" ignored="0" name="makemymaven-chrome" tests="6" failures="0" timestamp="27 May 2020 12:23:34 GMT" time="0.472" errors="0">
  <testcase name="@BeforeClass Driverconfig" time="0.406" classname="testScenarios.Home">
    <failure type="org.apache.poi.EmptyFileException" message="The supplied file was empty (zero bytes long)">
      <![CDATA[org.apache.poi.EmptyFileException: The supplied file was empty (zero bytes long)
at org.apache.poi.util.IOUtils.peekFirstNBytes(IOUtils.java:111)
at org.apache.poi.poifs.filesystem.FileMagic.valueOf(FileMagic.java:206)
at org.apache.poi.openxml4j.opc.internal.ZipHelper.verifyZipHeader(ZipHelper.java:143)
at org.apache.poi.openxml4j.opc.internal.ZipHelper.openZipStream(ZipHelper.java:175)
at org.apache.poi.openxml4j.opc.ZipPackage.<init>(ZipPackage.java:104)
at org.apache.poi.openxml4j.opc.OPCPackage.open(OPCPackage.java:307)
at org.apache.poi.ooxml.util.PackageHelper.open(PackageHelper.java:47)
at org.apache.poi.xssf.usermodel.XSSFWorkbook.<init>(XSSFWorkbook.java:309)
at UserDefinedlibraries.ExcelReadWrite.readexcel(ExcelReadWrite.java:49)
at UserDefinedlibraries.DriverSetup.driverInstantiate(DriverSetup.java:28)
at testScenarios.Home.Driverconfig(Home.java:47)
at java.util.concurrent.FutureTask.run(FutureTask.java:266)
at java.util.concurrent.ThreadPoolExecutor.runWorker(ThreadPoolExecutor.java:1149)
at java.util.concurrent.ThreadPoolExecutor$Worker.run(ThreadPoolExecutor.java:624)
at java.lang.Thread.run(Thread.java:748)
... Removed 17 stack frames]]>
    </failure>
  </testcase> <!-- @BeforeClass Driverconfig -->
  <testcase name="@AfterMethod tearDown" time="0.0" classname="testScenarios.Home">
    <skipped/>
  </testcase> <!-- @AfterMethod tearDown -->
  <testcase name="@AfterMethod tearDown" time="0.0" classname="testScenarios.Home">
    <skipped/>
  </testcase> <!-- @AfterMethod tearDown -->
  <testcase name="@AfterMethod tearDown" time="0.0" classname="testScenarios.Home">
    <skipped/>
  </testcase> <!-- @AfterMethod tearDown -->
  <testcase name="@AfterMethod tearDown" time="0.0" classname="testScenarios.Home">
    <skipped/>
  </testcase> <!-- @AfterMethod tearDown -->
  <testcase name="@AfterMethod tearDown" time="0.0" classname="testScenarios.Home">
    <skipped/>
  </testcase> <!-- @AfterMethod tearDown -->
  <testcase name="@AfterMethod tearDown" time="0.0" classname="testScenarios.Home">
    <skipped/>
  </testcase> <!-- @AfterMethod tearDown -->
  <testcase name="@AfterClass Driverclose" time="0.0" classname="testScenarios.Home">
    <skipped/>
  </testcase> <!-- @AfterClass Driverclose -->
  <testcase name="loginpage_cab" time="0.0" classname="testScenarios.Home">
    <skipped/>
  </testcase> <!-- loginpage_cab -->
  <testcase name="cab_selection" time="0.0" classname="testScenarios.Home">
    <skipped/>
  </testcase> <!-- cab_selection -->
  <testcase name="navigation" time="0.0" classname="testScenarios.Home">
    <skipped/>
  </testcase> <!-- navigation -->
  <testcase name="Giftcards" time="0.0" classname="testScenarios.Home">
    <skipped/>
  </testcase> <!-- Giftcards -->
  <testcase name="backtohotel" time="0.0" classname="testScenarios.Home">
    <skipped/>
  </testcase> <!-- backtohotel -->
  <testcase name="Hotel" time="0.0" classname="testScenarios.Home">
    <skipped/>
  </testcase> <!-- Hotel -->
</testsuite> <!-- makemymaven-chrome -->
